TN:
SF:src/completable-promise.ts
FN:14,(anonymous_0)
FN:15,(anonymous_1)
FN:20,(anonymous_2)
FN:34,(anonymous_3)
FN:35,(anonymous_4)
FN:45,(anonymous_5)
FN:46,(anonymous_6)
FN:55,(anonymous_7)
FN:70,(anonymous_8)
FN:83,(anonymous_9)
FN:96,(anonymous_10)
FN:105,(anonymous_11)
FN:114,(anonymous_12)
FN:123,(anonymous_13)
FN:132,(anonymous_14)
FN:141,(anonymous_15)
FN:150,(anonymous_16)
FNF:17
FNH:13
FNDA:14,(anonymous_0)
FNDA:14,(anonymous_1)
FNDA:16,(anonymous_2)
FNDA:9,(anonymous_3)
FNDA:7,(anonymous_4)
FNDA:7,(anonymous_5)
FNDA:5,(anonymous_6)
FNDA:2,(anonymous_7)
FNDA:9,(anonymous_8)
FNDA:1,(anonymous_9)
FNDA:2,(anonymous_10)
FNDA:2,(anonymous_11)
FNDA:0,(anonymous_12)
FNDA:16,(anonymous_13)
FNDA:0,(anonymous_14)
FNDA:0,(anonymous_15)
FNDA:0,(anonymous_16)
DA:4,1
DA:8,1
DA:10,14
DA:15,14
DA:16,14
DA:21,16
DA:22,12
DA:23,12
DA:35,9
DA:46,7
DA:56,2
DA:57,2
DA:59,1
DA:74,9
DA:86,1
DA:97,2
DA:106,2
DA:115,0
DA:124,16
DA:133,0
DA:142,0
DA:151,0
LF:22
LH:18
BRDA:21,0,0,12
BRDA:21,0,1,4
BRF:2
BRH:2
end_of_record
TN:
SF:src/index.ts
FN:1,(anonymous_0)
FNF:1
FNH:1
FNDA:14,(anonymous_0)
DA:1,15
LF:1
LH:1
BRF:0
BRH:0
end_of_record
TN:
SF:src/state.ts
FN:4,(anonymous_0)
FNF:1
FNH:1
FNDA:1,(anonymous_0)
DA:4,1
DA:8,1
DA:12,1
DA:16,1
LF:4
LH:4
BRDA:4,0,0,1
BRDA:4,0,1,1
BRF:2
BRH:2
end_of_record
TN:
SF:test/completable-promise.spec.ts
FN:5,(anonymous_0)
FN:9,(anonymous_1)
FN:13,(anonymous_2)
FN:14,(anonymous_3)
FN:18,(anonymous_4)
FN:26,(anonymous_5)
FN:30,(anonymous_6)
FN:43,(anonymous_7)
FN:51,(anonymous_8)
FN:59,(anonymous_9)
FN:60,(anonymous_10)
FN:64,(anonymous_11)
FN:72,(anonymous_12)
FN:78,(anonymous_13)
FN:86,(anonymous_14)
FN:96,(anonymous_15)
FN:102,(anonymous_16)
FN:103,(anonymous_17)
FN:107,(anonymous_18)
FN:114,(anonymous_19)
FN:117,(anonymous_20)
FN:123,(anonymous_21)
FN:129,(anonymous_22)
FN:133,(anonymous_23)
FN:134,(anonymous_24)
FN:137,(anonymous_25)
FN:140,(anonymous_26)
FN:145,(anonymous_27)
FN:155,(anonymous_28)
FN:160,(anonymous_29)
FN:173,(anonymous_30)
FN:174,(anonymous_31)
FN:182,(anonymous_32)
FN:191,(anonymous_33)
FN:192,(anonymous_34)
FN:199,(anonymous_35)
FNF:36
FNH:36
FNDA:1,(anonymous_0)
FNDA:1,(anonymous_1)
FNDA:1,(anonymous_2)
FNDA:1,(anonymous_3)
FNDA:1,(anonymous_4)
FNDA:1,(anonymous_5)
FNDA:1,(anonymous_6)
FNDA:1,(anonymous_7)
FNDA:1,(anonymous_8)
FNDA:1,(anonymous_9)
FNDA:1,(anonymous_10)
FNDA:1,(anonymous_11)
FNDA:1,(anonymous_12)
FNDA:1,(anonymous_13)
FNDA:1,(anonymous_14)
FNDA:1,(anonymous_15)
FNDA:1,(anonymous_16)
FNDA:1,(anonymous_17)
FNDA:1,(anonymous_18)
FNDA:1,(anonymous_19)
FNDA:1,(anonymous_20)
FNDA:1,(anonymous_21)
FNDA:1,(anonymous_22)
FNDA:1,(anonymous_23)
FNDA:1,(anonymous_24)
FNDA:1,(anonymous_25)
FNDA:1,(anonymous_26)
FNDA:1,(anonymous_27)
FNDA:1,(anonymous_28)
FNDA:1,(anonymous_29)
FNDA:1,(anonymous_30)
FNDA:1,(anonymous_31)
FNDA:1,(anonymous_32)
FNDA:1,(anonymous_33)
FNDA:1,(anonymous_34)
FNDA:1,(anonymous_35)
DA:1,1
DA:2,1
DA:3,1
DA:5,1
DA:7,1
DA:9,1
DA:10,1
DA:13,1
DA:14,1
DA:15,1
DA:16,1
DA:18,1
DA:19,1
DA:20,1
DA:23,1
DA:26,1
DA:27,1
DA:28,1
DA:30,1
DA:31,1
DA:32,1
DA:35,1
DA:37,1
DA:38,1
DA:39,1
DA:40,1
DA:43,1
DA:44,1
DA:45,1
DA:47,1
DA:48,1
DA:49,1
DA:51,1
DA:52,1
DA:59,1
DA:60,1
DA:61,1
DA:62,1
DA:64,1
DA:65,1
DA:66,1
DA:69,1
DA:72,1
DA:73,1
DA:74,1
DA:76,1
DA:79,1
DA:80,1
DA:83,1
DA:86,1
DA:87,1
DA:88,1
DA:90,1
DA:91,1
DA:92,1
DA:94,1
DA:97,1
DA:102,1
DA:103,1
DA:104,1
DA:105,1
DA:107,1
DA:108,1
DA:109,1
DA:114,1
DA:117,1
DA:118,1
DA:119,1
DA:121,1
DA:124,1
DA:125,1
DA:126,1
DA:129,1
DA:133,1
DA:134,1
DA:135,1
DA:137,1
DA:138,1
DA:140,1
DA:141,1
DA:146,1
DA:147,1
DA:152,1
DA:155,1
DA:156,1
DA:158,1
DA:161,1
DA:162,1
DA:169,1
DA:173,1
DA:174,1
DA:175,1
DA:177,1
DA:179,1
DA:182,1
DA:183,1
DA:185,1
DA:187,1
DA:191,1
DA:192,1
DA:193,1
DA:194,1
DA:196,1
DA:197,1
DA:199,1
DA:200,1
DA:201,1
LF:107
LH:107
BRF:0
BRH:0
end_of_record
