TN:
SF:src/completable-promise.ts
FN:10,(anonymous_0)
FN:11,(anonymous_1)
FN:21,(anonymous_2)
FN:31,(anonymous_3)
FN:44,(anonymous_4)
FN:55,(anonymous_5)
FN:68,(anonymous_6)
FN:81,(anonymous_7)
FN:90,(anonymous_8)
FNF:9
FNH:8
FNDA:10,(anonymous_0)
FNDA:10,(anonymous_1)
FNDA:6,(anonymous_2)
FNDA:0,(anonymous_3)
FNDA:4,(anonymous_4)
FNDA:5,(anonymous_5)
FNDA:1,(anonymous_6)
FNDA:2,(anonymous_7)
FNDA:2,(anonymous_8)
DA:5,1
DA:11,10
DA:12,10
DA:22,6
DA:32,0
DA:33,0
DA:35,0
DA:45,4
DA:59,5
DA:71,1
DA:82,2
DA:91,2
LF:12
LH:9
BRF:0
BRH:0
end_of_record
TN:
SF:src/index.ts
FN:1,(anonymous_0)
FNF:1
FNH:1
FNDA:10,(anonymous_0)
DA:1,11
LF:1
LH:1
BRF:0
BRH:0
end_of_record
TN:
SF:test/completable-promise.spec.ts
FN:5,(anonymous_0)
FN:9,(anonymous_1)
FN:13,(anonymous_2)
FN:14,(anonymous_3)
FN:18,(anonymous_4)
FN:26,(anonymous_5)
FN:30,(anonymous_6)
FN:44,(anonymous_7)
FN:45,(anonymous_8)
FN:49,(anonymous_9)
FN:57,(anonymous_10)
FN:61,(anonymous_11)
FN:63,(anonymous_12)
FN:72,(anonymous_13)
FN:73,(anonymous_14)
FN:76,(anonymous_15)
FN:79,(anonymous_16)
FN:82,(anonymous_17)
FN:84,(anonymous_18)
FN:87,(anonymous_19)
FN:94,(anonymous_20)
FN:97,(anonymous_21)
FN:99,(anonymous_22)
FN:102,(anonymous_23)
FN:104,(anonymous_24)
FN:112,(anonymous_25)
FN:113,(anonymous_26)
FN:121,(anonymous_27)
FN:130,(anonymous_28)
FN:131,(anonymous_29)
FN:138,(anonymous_30)
FNF:31
FNH:26
FNDA:1,(anonymous_0)
FNDA:1,(anonymous_1)
FNDA:1,(anonymous_2)
FNDA:1,(anonymous_3)
FNDA:1,(anonymous_4)
FNDA:1,(anonymous_5)
FNDA:1,(anonymous_6)
FNDA:1,(anonymous_7)
FNDA:1,(anonymous_8)
FNDA:1,(anonymous_9)
FNDA:1,(anonymous_10)
FNDA:0,(anonymous_11)
FNDA:1,(anonymous_12)
FNDA:1,(anonymous_13)
FNDA:1,(anonymous_14)
FNDA:1,(anonymous_15)
FNDA:1,(anonymous_16)
FNDA:0,(anonymous_17)
FNDA:1,(anonymous_18)
FNDA:0,(anonymous_19)
FNDA:1,(anonymous_20)
FNDA:0,(anonymous_21)
FNDA:1,(anonymous_22)
FNDA:1,(anonymous_23)
FNDA:0,(anonymous_24)
FNDA:1,(anonymous_25)
FNDA:1,(anonymous_26)
FNDA:1,(anonymous_27)
FNDA:1,(anonymous_28)
FNDA:1,(anonymous_29)
FNDA:1,(anonymous_30)
DA:1,1
DA:2,1
DA:3,1
DA:5,1
DA:7,1
DA:9,1
DA:10,1
DA:13,1
DA:14,1
DA:15,1
DA:16,1
DA:18,1
DA:19,1
DA:20,1
DA:23,1
DA:26,1
DA:27,1
DA:28,1
DA:30,1
DA:31,1
DA:32,1
DA:35,1
DA:37,1
DA:38,1
DA:39,1
DA:40,1
DA:44,1
DA:45,1
DA:46,1
DA:47,1
DA:49,1
DA:50,1
DA:51,1
DA:54,1
DA:57,1
DA:58,1
DA:59,1
DA:61,1
DA:62,0
DA:64,1
DA:65,1
DA:68,1
DA:72,1
DA:73,1
DA:74,1
DA:76,1
DA:77,1
DA:79,1
DA:80,1
DA:83,0
DA:85,1
DA:86,1
DA:88,0
DA:91,1
DA:94,1
DA:95,1
DA:97,1
DA:98,0
DA:100,1
DA:101,1
DA:103,1
DA:105,0
DA:108,1
DA:112,1
DA:113,1
DA:114,1
DA:116,1
DA:118,1
DA:121,1
DA:122,1
DA:124,1
DA:126,1
DA:130,1
DA:131,1
DA:132,1
DA:133,1
DA:135,1
DA:136,1
DA:138,1
DA:139,1
DA:140,1
LF:81
LH:76
BRDA:9,0,0,0
BRF:1
BRH:0
end_of_record
